<?xml version="1.0" encoding="UTF-8"?>
<!-- Generated by org.testng.reporters.JUnitReportReporter -->
<testsuite hostname="Naveens-MacBook-Pro.local" failures="0" tests="4" name="com.training.tests.ParameterizationDataproviderTestDB" time="0.010" errors="0" timestamp="30 Jun 2020 06:17:04 GMT" skipped="0">
  <testcase classname="com.training.tests.ParameterizationDataproviderTestDB" name="myTest" time="0.001"/>
  <testcase classname="com.training.tests.ParameterizationDataproviderTestDB" name="myTest" time="0.006"/>
  <testcase classname="com.training.tests.ParameterizationDataproviderTestDB" name="myTest" time="0.001"/>
  <testcase classname="com.training.tests.ParameterizationDataproviderTestDB" name="myTest" time="0.002"/>
</testsuite> <!-- com.training.tests.ParameterizationDataproviderTestDB -->
